<?xml version="1.0" encoding="UTF-8"?>
<!-- Generated by org.testng.reporters.JUnitReportReporter -->
<testsuite hostname="DESKTOP-55IUB1S" failures="0" tests="1" name="com.inetbanking.TestCases.TC_login001" time="4.063" errors="0" timestamp="2024-07-11T22:32:38 IST" skipped="0">
  <testcase classname="com.inetbanking.TestCases.TC_login001" name="loginTest" time="4.063"/>
</testsuite> <!-- com.inetbanking.TestCases.TC_login001 -->
